# JRE version: OpenJDK Runtime Environment Microsoft-8035246 (17.0.8+7) (build 17.0.8+7-LTS)
# Java VM: OpenJDK 64-Bit Server VM Microsoft-8035246 (17.0.8+7-LTS, mixed mode, sharing, tiered, compressed oops, compressed class ptrs, g1 gc, windows-amd64)
GC Precious Log:
 CPUs: 8 total, 8 available
 Memory: 16171M
 Large Page Support: Disabled
 NUMA Support: Disabled
 Compressed Oops: Enabled (32-bit)
 Heap Region Size: 1M
 Heap Min Capacity: 8M
 Heap Initial Capacity: 254M
 Heap Max Capacity: 2G
 Pre-touch: Disabled
 Parallel Workers: 8
 Concurrent Workers: 2
 Concurrent Refinement Workers: 8
 Periodic GC: Disabled
Heap:
 garbage-first heap   total 250880K, used 177649K [0x0000000080000000, 0x0000000100000000)
  region size 1024K, 22 young (22528K), 7 survivors (7168K)
 Metaspace       used 97801K, committed 98752K, reserved 557056K
  class space    used 13704K, committed 14144K, reserved 425984K
GC Heap History (20 events):
Event: 37.904 GC heap before
{Heap before GC invocations=32 (full 0):
 garbage-first heap   total 208896K, used 163457K [0x0000000080000000, 0x0000000100000000)
  region size 1024K, 43 young (44032K), 3 survivors (3072K)
 Metaspace       used 88398K, committed 89280K, reserved 557056K
  class space    used 12450K, committed 12864K, reserved 425984K
}
Event: 37.915 GC heap after
{Heap after GC invocations=33 (full 0):
 garbage-first heap   total 208896K, used 131725K [0x0000000080000000, 0x0000000100000000)
  region size 1024K, 6 young (6144K), 6 survivors (6144K)
 Metaspace       used 88398K, committed 89280K, reserved 557056K
  class space    used 12450K, committed 12864K, reserved 425984K
}
Event: 38.894 GC heap before
{Heap before GC invocations=33 (full 0):
 garbage-first heap   total 208896K, used 167565K [0x0000000080000000, 0x0000000100000000)
  region size 1024K, 40 young (40960K), 6 survivors (6144K)
 Metaspace       used 89358K, committed 90240K, reserved 557056K
  class space    used 12570K, committed 12992K, reserved 425984K
}
Event: 38.905 GC heap after
{Heap after GC invocations=34 (full 0):
 garbage-first heap   total 208896K, used 141036K [0x0000000080000000, 0x0000000100000000)
  region size 1024K, 5 young (5120K), 5 survivors (5120K)
 Metaspace       used 89358K, committed 90240K, reserved 557056K
  class space    used 12570K, committed 12992K, reserved 425984K
}
Event: 39.506 GC heap before
{Heap before GC invocations=34 (full 0):
 garbage-first heap   total 208896K, used 169708K [0x0000000080000000, 0x0000000100000000)
  region size 1024K, 33 young (33792K), 5 survivors (5120K)
 Metaspace       used 91672K, committed 92544K, reserved 557056K
  class space    used 12950K, committed 13312K, reserved 425984K
}
Event: 39.515 GC heap after
{Heap after GC invocations=35 (full 0):
 garbage-first heap   total 208896K, used 142635K [0x0000000080000000, 0x0000000100000000)
  region size 1024K, 2 young (2048K), 2 survivors (2048K)
 Metaspace       used 91672K, committed 92544K, reserved 557056K
  class space    used 12950K, committed 13312K, reserved 425984K
}
Event: 40.606 GC heap before
{Heap before GC invocations=35 (full 0):
 garbage-first heap   total 208896K, used 172331K [0x0000000080000000, 0x0000000100000000)
  region size 1024K, 31 young (31744K), 2 survivors (2048K)
 Metaspace       used 94422K, committed 95360K, reserved 557056K
  class space    used 13282K, committed 13696K, reserved 425984K
}
Event: 40.614 GC heap after
{Heap after GC invocations=36 (full 0):
 garbage-first heap   total 208896K, used 145073K [0x0000000080000000, 0x0000000100000000)
  region size 1024K, 4 young (4096K), 4 survivors (4096K)
 Metaspace       used 94422K, committed 95360K, reserved 557056K
  class space    used 13282K, committed 13696K, reserved 425984K
}
Event: 41.266 GC heap before
{Heap before GC invocations=36 (full 0):
 garbage-first heap   total 208896K, used 173745K [0x0000000080000000, 0x0000000100000000)
  region size 1024K, 32 young (32768K), 4 survivors (4096K)
 Metaspace       used 95477K, committed 96448K, reserved 557056K
  class space    used 13425K, committed 13888K, reserved 425984K
}
Event: 41.278 GC heap after
{Heap after GC invocations=37 (full 0):
 garbage-first heap   total 208896K, used 148071K [0x0000000080000000, 0x0000000100000000)
  region size 1024K, 4 young (4096K), 4 survivors (4096K)
 Metaspace       used 95477K, committed 96448K, reserved 557056K
  class space    used 13425K, committed 13888K, reserved 425984K
}
Event: 41.793 GC heap before
{Heap before GC invocations=37 (full 0):
 garbage-first heap   total 208896K, used 174695K [0x0000000080000000, 0x0000000100000000)
  region size 1024K, 30 young (30720K), 4 survivors (4096K)
 Metaspace       used 96062K, committed 97024K, reserved 557056K
  class space    used 13486K, committed 13952K, reserved 425984K
}
Event: 41.803 GC heap after
{Heap after GC invocations=38 (full 0):
 garbage-first heap   total 208896K, used 150772K [0x0000000080000000, 0x0000000100000000)
  region size 1024K, 3 young (3072K), 3 survivors (3072K)
 Metaspace       used 96062K, committed 97024K, reserved 557056K
  class space    used 13486K, committed 13952K, reserved 425984K
}
Event: 42.312 GC heap before
{Heap before GC invocations=38 (full 0):
 garbage-first heap   total 208896K, used 176372K [0x0000000080000000, 0x0000000100000000)
  region size 1024K, 28 young (28672K), 3 survivors (3072K)
 Metaspace       used 96323K, committed 97216K, reserved 557056K
  class space    used 13510K, committed 13952K, reserved 425984K
}
Event: 42.322 GC heap after
{Heap after GC invocations=39 (full 0):
 garbage-first heap   total 208896K, used 153848K [0x0000000080000000, 0x0000000100000000)
  region size 1024K, 3 young (3072K), 3 survivors (3072K)
 Metaspace       used 96323K, committed 97216K, reserved 557056K
  class space    used 13510K, committed 13952K, reserved 425984K
}
Event: 43.485 GC heap before
{Heap before GC invocations=39 (full 0):
 garbage-first heap   total 208896K, used 177400K [0x0000000080000000, 0x0000000100000000)
  region size 1024K, 26 young (26624K), 3 survivors (3072K)
 Metaspace       used 96937K, committed 97792K, reserved 557056K
  class space    used 13603K, committed 14016K, reserved 425984K
}
Event: 43.497 GC heap after
{Heap after GC invocations=40 (full 0):
 garbage-first heap   total 250880K, used 156399K [0x0000000080000000, 0x0000000100000000)
  region size 1024K, 3 young (3072K), 3 survivors (3072K)
 Metaspace       used 96937K, committed 97792K, reserved 557056K
  class space    used 13603K, committed 14016K, reserved 425984K
}
Event: 44.500 GC heap before
{Heap before GC invocations=40 (full 0):
 garbage-first heap   total 250880K, used 206575K [0x0000000080000000, 0x0000000100000000)
  region size 1024K, 53 young (54272K), 3 survivors (3072K)
 Metaspace       used 97615K, committed 98560K, reserved 557056K
  class space    used 13699K, committed 14144K, reserved 425984K
}
Event: 44.506 GC heap after
{Heap after GC invocations=41 (full 0):
 garbage-first heap   total 250880K, used 158277K [0x0000000080000000, 0x0000000100000000)
  region size 1024K, 5 young (5120K), 5 survivors (5120K)
 Metaspace       used 97615K, committed 98560K, reserved 557056K
  class space    used 13699K, committed 14144K, reserved 425984K
}
Event: 45.106 GC heap before
{Heap before GC invocations=41 (full 0):
 garbage-first heap   total 250880K, used 208453K [0x0000000080000000, 0x0000000100000000)
  region size 1024K, 55 young (56320K), 5 survivors (5120K)
 Metaspace       used 97800K, committed 98752K, reserved 557056K
  class space    used 13704K, committed 14144K, reserved 425984K
}
Event: 45.114 GC heap after
{Heap after GC invocations=42 (full 0):
 garbage-first heap   total 250880K, used 163313K [0x0000000080000000, 0x0000000100000000)
  region size 1024K, 7 young (7168K), 7 survivors (7168K)
 Metaspace       used 97800K, committed 98752K, reserved 557056K
  class space    used 13704K, committed 14144K, reserved 425984K
}

